<?xml version="1.0" encoding="UTF-8"?>
<!-- Generated by org.testng.reporters.JUnitReportReporter -->
<testsuite hostname="Yamuna" failures="0" tests="1" name="com.TestCases.VerifySingInFlow" time="26.861" errors="0" timestamp="2022-04-15T06:59:57 IST" skipped="0">
  <testcase classname="com.TestCases.VerifySingInFlow" name="executeSingInFlow" time="26.861"/>
  <system-out/>
</testsuite> <!-- com.TestCases.VerifySingInFlow -->
