<?xml version="1.0" encoding="UTF-8"?>
<!-- Generated by org.testng.reporters.JUnitReportReporter -->
<testsuite hostname="Yamuna" failures="0" tests="1" name="com.TestCases.VerifySingUpFlow" time="11.903" errors="0" timestamp="2022-04-15T21:17:45 IST" skipped="0">
  <testcase classname="com.TestCases.VerifySingUpFlow" name="executeSignUpFlow" time="11.903"/>
  <system-out/>
</testsuite> <!-- com.TestCases.VerifySingUpFlow -->
